<?xml version="1.0" encoding="UTF-8"?>
<testsuite name="com.trpg_printalbe_pdf_maker.trpg_printable_pdf_maker.TrpgPrintablePdfMakerApplicationTests" tests="1" skipped="0" failures="0" errors="0" timestamp="2026-09-25T09:48:13.120Z" hostname="DESKTOP-734S56A" time="1.676">
  <properties/>
  <testcase name="contextLoads()" classname="com.trpg_printalbe_pdf_maker.trpg_printable_pdf_maker.TrpgPrintablePdfMakerApplicationTests" time="0.412"/>
  <system-out><![CDATA[18:48:13.254 [Test worker] INFO org.springframework.test.context.support.AnnotationConfigContextLoaderUtils -- Could not detect default configuration classes for test class [com.trpg_printalbe_pdf_maker.trpg_printable_pdf_maker.TrpgPrintablePdfMakerApplicationTests]: TrpgPrintablePdfMakerApplicationTests does not declare any static, non-private, non-final, nested classes annotated with @Configuration.
18:48:13.322 [Test worker] INFO org.springframework.boot.test.context.SpringBootTestContextBootstrapper -- Found @SpringBootConfiguration com.trpg_printalbe_pdf_maker.trpg_printable_pdf_maker.TrpgPrintablePdfMakerApplication for test class com.trpg_printalbe_pdf_maker.trpg_printable_pdf_maker.TrpgPrintablePdfMakerApplicationTests
18:48:13.381 [Test worker] INFO org.springframework.test.context.support.AnnotationConfigContextLoaderUtils -- Could not detect default configuration classes for test class [com.trpg_printalbe_pdf_maker.trpg_printable_pdf_maker.TrpgPrintablePdfMakerApplicationTests]: TrpgPrintablePdfMakerApplicationTests does not declare any static, non-private, non-final, nested classes annotated with @Configuration.
18:48:13.382 [Test worker] INFO org.springframework.boot.test.context.SpringBootTestContextBootstrapper -- Found @SpringBootConfiguration com.trpg_printalbe_pdf_maker.trpg_printable_pdf_maker.TrpgPrintablePdfMakerApplication for test class com.trpg_printalbe_pdf_maker.trpg_printable_pdf_maker.TrpgPrintablePdfMakerApplicationTests

  .   ____          _            __ _ _
 /\\ / ___'_ __ _ _(_)_ __  __ _ \ \ \ \
( ( )\___ | '_ | '_| | '_ \/ _` | \ \ \ \
 \\/  ___)| |_)| | | | | || (_| |  ) ) ) )
  '  |____| .__|_| |_|_| |_\__, | / / / /
 =========|_|==============|___/=/_/_/_/

 :: Spring Boot ::                (v4.1.1)

2026-09-25T18:48:13.594+09:00  INFO 10460 --- [trpg-printable-pdf-maker] [    Test worker] .t.TrpgPrintablePdfMakerApplicationTests : Starting TrpgPrintablePdfMakerApplicationTests using Java 21.0.10 with PID 10460 (started by user in D:\dodo\Project\TRPG_Printable_PDF_Maker\backend)
2026-09-25T18:48:13.595+09:00  INFO 10460 --- [trpg-printable-pdf-maker] [    Test worker] .t.TrpgPrintablePdfMakerApplicationTests : No active profile set, falling back to 1 default profile: "default"
2026-09-25T18:48:14.375+09:00  INFO 10460 --- [trpg-printable-pdf-maker] [    Test worker] .t.TrpgPrintablePdfMakerApplicationTests : Started TrpgPrintablePdfMakerApplicationTests in 0.952 seconds (process running for 1.883)
]]></system-out>
  <system-err><![CDATA[Mockito is currently self-attaching to enable the inline-mock-maker. This will no longer work in future releases of the JDK. Please add Mockito as an agent to your build as described in Mockito's documentation: https://javadoc.io/doc/org.mockito/mockito-core/latest/org.mockito/org/mockito/Mockito.html#0.3
WARNING: A Java agent has been loaded dynamically (C:\Users\user\.gradle\caches\modules-2\files-2.1\net.bytebuddy\byte-buddy-agent\1.18.11\82212e5b3633e7a65fca8bec525762cfb6c9bae4\byte-buddy-agent-1.18.11.jar)
WARNING: If a serviceability tool is in use, please run with -XX:+EnableDynamicAgentLoading to hide this warning
WARNING: If a serviceability tool is not in use, please run with -Djdk.instrument.traceUsage for more information
WARNING: Dynamic loading of agents will be disallowed by default in a future release
]]></system-err>
</testsuite>
