<?xml version="1.0" encoding="UTF-8"?>
<testsuite name="com.trpg_printalbe_pdf_maker.trpg_printable_pdf_maker.service.PageCalculationServiceTest" tests="2" skipped="0" failures="0" errors="0" timestamp="2026-09-25T09:48:14.799Z" hostname="DESKTOP-734S56A" time="0.042">
  <properties/>
  <testcase name="splitsGridAlignedPagesAndClipsTheLastPage()" classname="com.trpg_printalbe_pdf_maker.trpg_printable_pdf_maker.service.PageCalculationServiceTest" time="0.039"/>
  <testcase name="returnsNoPagesWhenPrintableAreaCannotFitAGridCell()" classname="com.trpg_printalbe_pdf_maker.trpg_printable_pdf_maker.service.PageCalculationServiceTest" time="0.001"/>
  <system-out><![CDATA[]]></system-out>
  <system-err><![CDATA[]]></system-err>
</testsuite>
